TN:
SF:database/models/company.js
FN:5,(anonymous_0)
FN:12,(anonymous_1)
FNF:2
FNH:2
FNDA:2,(anonymous_0)
FNDA:2,(anonymous_1)
DA:4,2
DA:5,2
DA:16,2
DA:27,2
LF:4
LH:4
BRF:0
BRH:0
end_of_record
TN:
SF:database/models/index.js
FN:21,(anonymous_0)
FN:29,(anonymous_1)
FN:34,(anonymous_2)
FNF:3
FNH:3
FNDA:6,(anonymous_0)
FNDA:4,(anonymous_1)
FNDA:4,(anonymous_2)
DA:3,2
DA:4,2
DA:5,2
DA:6,2
DA:7,2
DA:8,2
DA:9,2
DA:10,2
DA:13,2
DA:14,0
DA:16,2
DA:19,2
DA:22,6
DA:30,4
DA:31,4
DA:34,2
DA:35,4
DA:36,4
DA:40,2
DA:41,2
DA:43,2
LF:21
LH:20
BRDA:8,0,0,2
BRDA:8,0,1,0
BRDA:13,1,0,0
BRDA:13,1,1,2
BRDA:23,2,0,6
BRDA:23,2,1,6
BRDA:23,2,2,4
BRDA:23,2,3,4
BRDA:35,3,0,4
BRDA:35,3,1,0
BRF:10
BRH:7
end_of_record
TN:
SF:database/models/listofcompanies.js
FN:5,(anonymous_0)
FN:12,(anonymous_1)
FNF:2
FNH:2
FNDA:2,(anonymous_0)
FNDA:2,(anonymous_1)
DA:4,2
DA:5,2
DA:16,2
DA:24,2
LF:4
LH:4
BRF:0
BRH:0
end_of_record
TN:
SF:src/controllers/utilController.js
FN:3,(anonymous_0)
FNF:1
FNH:1
FNDA:1,(anonymous_0)
DA:1,1
DA:3,1
DA:4,1
DA:5,1
DA:6,1
DA:7,1
DA:8,1
DA:9,1
DA:10,1
DA:12,1
LF:10
LH:10
BRF:0
BRH:0
end_of_record
TN:
SF:src/services/utilService.js
FN:6,(anonymous_0)
FN:8,(anonymous_1)
FN:24,(anonymous_2)
FN:43,(anonymous_3)
FNF:4
FNH:4
FNDA:1,(anonymous_0)
FNDA:12,(anonymous_1)
FNDA:1,(anonymous_2)
FNDA:1,(anonymous_3)
DA:1,2
DA:2,2
DA:3,2
DA:4,2
DA:6,2
DA:7,1
DA:8,1
DA:9,12
DA:14,12
DA:19,12
DA:21,1
DA:24,2
DA:25,1
DA:26,1
DA:27,1
DA:28,1
DA:34,1
DA:40,1
DA:43,2
DA:44,1
DA:45,1
DA:53,1
DA:57,1
LF:23
LH:23
BRF:0
BRH:0
end_of_record
TN:
SF:src/utils/getCompany.js
FN:1,(anonymous_0)
FNF:1
FNH:1
FNDA:1,(anonymous_0)
DA:1,2
DA:2,1
DA:3,1
DA:9,1
DA:10,1
DA:13,2
LF:6
LH:6
BRF:0
BRH:0
end_of_record
TN:
SF:src/utils/getCsv.js
FN:1,(anonymous_0)
FN:14,(anonymous_1)
FNF:2
FNH:2
FNDA:2,(anonymous_0)
FNDA:13,(anonymous_1)
DA:1,3
DA:2,2
DA:3,2
DA:4,2
DA:10,2
DA:11,1
DA:12,1
DA:13,1
DA:14,1
DA:15,13
DA:16,13
DA:17,12
DA:20,1
DA:24,1
DA:27,1
DA:31,3
LF:16
LH:16
BRDA:10,0,0,1
BRDA:10,0,1,1
BRDA:16,1,0,12
BRDA:16,1,1,1
BRF:4
BRH:4
end_of_record
TN:
SF:src/utils/getScore.js
FN:1,(anonymous_0)
FN:10,(anonymous_1)
FN:11,(anonymous_2)
FNF:3
FNH:3
FNDA:1,(anonymous_0)
FNDA:1,(anonymous_1)
FNDA:4,(anonymous_2)
DA:1,2
DA:2,1
DA:3,1
DA:9,1
DA:10,1
DA:11,4
DA:12,1
DA:13,1
DA:14,1
DA:15,1
DA:16,1
DA:17,1
DA:19,1
DA:22,2
LF:14
LH:14
BRF:0
BRH:0
end_of_record
